<?xml version="1.0" encoding="UTF-8"?>
<testng-results ignored="0" total="1" passed="1" failed="0" skipped="0">
  <reporter-output>
  </reporter-output>
  <suite started-at="2023-10-18T15:29:22 IST" name="Default suite" finished-at="2023-10-18T15:29:29 IST" duration-ms="7201">
    <groups>
    </groups>
    <test started-at="2023-10-18T15:29:22 IST" name="Default test" finished-at="2023-10-18T15:29:29 IST" duration-ms="7201">
      <class name="FrameworkIntro.BaseTest">
        <test-method is-config="true" signature="browserSetup()[pri:0, instance:FrameworkIntro.BaseTest@2928854b]" started-at="2023-10-18T15:29:22 IST" name="browserSetup" finished-at="2023-10-18T15:29:29 IST" duration-ms="7005" status="PASS">
          <reporter-output>
          </reporter-output>
        </test-method> <!-- browserSetup -->
        <test-method signature="test()[pri:0, instance:FrameworkIntro.BaseTest@2928854b]" started-at="2023-10-18T15:29:29 IST" name="test" finished-at="2023-10-18T15:29:29 IST" duration-ms="8" status="PASS">
          <reporter-output>
          </reporter-output>
        </test-method> <!-- test -->
        <test-method is-config="true" signature="browserTearDown()[pri:0, instance:FrameworkIntro.BaseTest@2928854b]" started-at="2023-10-18T15:29:29 IST" name="browserTearDown" finished-at="2023-10-18T15:29:29 IST" duration-ms="142" status="PASS">
          <reporter-output>
          </reporter-output>
        </test-method> <!-- browserTearDown -->
      </class> <!-- FrameworkIntro.BaseTest -->
    </test> <!-- Default test -->
  </suite> <!-- Default suite -->
</testng-results>
