<?xml version="1.0" encoding="UTF-8"?>
<!-- Generated by org.testng.reporters.JUnitXMLReporter -->
<testsuite ignored="3" hostname="Harshs-MacBook-Air.local" failures="0" tests="2" name="EvenTest" time="0.014" errors="0" timestamp="2023-10-16T17:05:56 IST">
  <testcase classname="TestNG.Groups" name="testAnnotation2" time="0.001"/>
  <testcase classname="TestNG.Groups" name="testAnnotation4" time="0.002"/>
  <testcase classname="TestNG.Groups" name="testAnnotation5" time="0.0">
    <ignored/>
  </testcase> <!-- testAnnotation5 -->
  <testcase classname="TestNG.Groups" name="testAnnotation3" time="0.0">
    <ignored/>
  </testcase> <!-- testAnnotation3 -->
  <testcase classname="TestNG.Groups" name="testAnnotation1" time="0.0">
    <ignored/>
  </testcase> <!-- testAnnotation1 -->
</testsuite> <!-- EvenTest -->
