<?xml version="1.0" encoding="UTF-8"?>
<!-- Generated by org.testng.reporters.JUnitXMLReporter -->
<testsuite ignored="2" hostname="Harshs-MacBook-Air.local" failures="0" tests="3" name="OddTest" time="0.054" errors="0" timestamp="2023-10-16T17:05:55 IST">
  <testcase classname="TestNG.Groups" name="testAnnotation1" time="0.007"/>
  <testcase classname="TestNG.Groups" name="testAnnotation3" time="0.003"/>
  <testcase classname="TestNG.Groups" name="testAnnotation5" time="0.002"/>
  <testcase classname="TestNG.Groups" name="testAnnotation4" time="0.0">
    <ignored/>
  </testcase> <!-- testAnnotation4 -->
  <testcase classname="TestNG.Groups" name="testAnnotation2" time="0.0">
    <ignored/>
  </testcase> <!-- testAnnotation2 -->
</testsuite> <!-- OddTest -->
