<?xml version="1.0" encoding="UTF-8"?>
<!-- Generated by org.testng.reporters.JUnitXMLReporter -->
<testsuite ignored="0" hostname="Harshs-MacBook-Air.local" failures="0" tests="6" name="Test" time="0.084" errors="0" timestamp="2023-10-18T15:23:51 IST">
  <testcase classname="FrameworkIntro.BaseTest" name="@BeforeClass browserSetup" time="-1.697622831476E9">
    <failure type="org.testng.TestNGException" message="
Can inject only one of &amp;lt;ITestContext, XmlTest&amp;gt; into a @BeforeClass annotated browserSetup.
For more information on native dependency injection please refer to https://testng.org/doc/documentation-main.html#native-dependency-injection">
      <![CDATA[org.testng.TestNGException: 
Can inject only one of <ITestContext, XmlTest> into a @BeforeClass annotated browserSetup.
For more information on native dependency injection please refer to https://testng.org/doc/documentation-main.html#native-dependency-injection
at java.base/java.util.ArrayList.forEach(ArrayList.java:1511)
... Removed 22 stack frames]]>
    </failure>
  </testcase> <!-- @BeforeClass browserSetup -->
  <testcase classname="FrameworkIntro.BaseTest" name="@AfterClass browserTearDown" time="-1.697622831518E9">
    <skipped/>
  </testcase> <!-- @AfterClass browserTearDown -->
  <testcase classname="FrameworkIntro.BaseTest" name="@BeforeClass browserSetup" time="-1.697622831521E9">
    <failure type="org.testng.TestNGException" message="
Can inject only one of &amp;lt;ITestContext, XmlTest&amp;gt; into a @BeforeClass annotated browserSetup.
For more information on native dependency injection please refer to https://testng.org/doc/documentation-main.html#native-dependency-injection">
      <![CDATA[org.testng.TestNGException: 
Can inject only one of <ITestContext, XmlTest> into a @BeforeClass annotated browserSetup.
For more information on native dependency injection please refer to https://testng.org/doc/documentation-main.html#native-dependency-injection
at java.base/java.util.ArrayList.forEach(ArrayList.java:1511)
... Removed 22 stack frames]]>
    </failure>
  </testcase> <!-- @BeforeClass browserSetup -->
  <testcase classname="FrameworkIntro.BaseTest" name="@AfterClass browserTearDown" time="-1.69762283153E9">
    <skipped/>
  </testcase> <!-- @AfterClass browserTearDown -->
  <testcase classname="FrameworkIntro.BaseTest" name="@BeforeClass browserSetup" time="-1.697622831532E9">
    <failure type="org.testng.TestNGException" message="
Can inject only one of &amp;lt;ITestContext, XmlTest&amp;gt; into a @BeforeClass annotated browserSetup.
For more information on native dependency injection please refer to https://testng.org/doc/documentation-main.html#native-dependency-injection">
      <![CDATA[org.testng.TestNGException: 
Can inject only one of <ITestContext, XmlTest> into a @BeforeClass annotated browserSetup.
For more information on native dependency injection please refer to https://testng.org/doc/documentation-main.html#native-dependency-injection
at java.base/java.util.ArrayList.forEach(ArrayList.java:1511)
... Removed 22 stack frames]]>
    </failure>
  </testcase> <!-- @BeforeClass browserSetup -->
  <testcase classname="FrameworkIntro.BaseTest" name="@AfterClass browserTearDown" time="-1.69762283154E9">
    <skipped/>
  </testcase> <!-- @AfterClass browserTearDown -->
  <testcase classname="FrameworkIntro.ShoppingCartTest" name="addToCart" time="0.0">
    <skipped/>
  </testcase> <!-- addToCart -->
  <testcase classname="FrameworkIntro.ShoppingCartTest" name="addToCart" time="0.0">
    <skipped/>
  </testcase> <!-- addToCart -->
  <testcase classname="FrameworkIntro.LoginTest" name="login" time="0.0">
    <skipped/>
  </testcase> <!-- login -->
  <testcase classname="FrameworkIntro.LoginTest" name="login" time="0.0">
    <skipped/>
  </testcase> <!-- login -->
  <testcase classname="FrameworkIntro.RegisterTest" name="register" time="0.0">
    <skipped/>
  </testcase> <!-- register -->
  <testcase classname="FrameworkIntro.RegisterTest" name="register" time="0.0">
    <skipped/>
  </testcase> <!-- register -->
</testsuite> <!-- Test -->
